<?xml version="1.0" encoding="UTF-8"?>
<testng-results skipped="0" failed="0" total="2" passed="2">
  <reporter-output>
  </reporter-output>
  <suite name="Default suite" duration-ms="100" started-at="2022-02-04T14:38:21Z" finished-at="2022-02-04T14:38:21Z">
    <groups>
    </groups>
    <test name="Default test" duration-ms="100" started-at="2022-02-04T14:38:21Z" finished-at="2022-02-04T14:38:21Z">
      <class name="com.demo1.onlineshopping.demo1.test1">
        <test-method status="PASS" signature="m2()[pri:0, instance:com.demo1.onlineshopping.demo1.test1@5c7fa833]" name="m2" is-config="true" duration-ms="32" started-at="2022-02-04T20:08:21Z" finished-at="2022-02-04T20:08:21Z">
          <reporter-output>
          </reporter-output>
        </test-method> <!-- m2 -->
        <test-method status="PASS" signature="a1()[pri:0, instance:com.demo1.onlineshopping.demo1.test1@5c7fa833]" name="a1" duration-ms="14" started-at="2022-02-04T20:08:21Z" finished-at="2022-02-04T20:08:21Z">
          <reporter-output>
          </reporter-output>
        </test-method> <!-- a1 -->
        <test-method status="PASS" signature="m3()[pri:0, instance:com.demo1.onlineshopping.demo1.test1@5c7fa833]" name="m3" is-config="true" duration-ms="1" started-at="2022-02-04T20:08:21Z" finished-at="2022-02-04T20:08:21Z">
          <reporter-output>
          </reporter-output>
        </test-method> <!-- m3 -->
        <test-method status="PASS" signature="m2()[pri:0, instance:com.demo1.onlineshopping.demo1.test1@5c7fa833]" name="m2" is-config="true" duration-ms="1" started-at="2022-02-04T20:08:21Z" finished-at="2022-02-04T20:08:21Z">
          <reporter-output>
          </reporter-output>
        </test-method> <!-- m2 -->
        <test-method status="PASS" signature="m1()[pri:0, instance:com.demo1.onlineshopping.demo1.test1@5c7fa833]" name="m1" duration-ms="8" started-at="2022-02-04T20:08:21Z" finished-at="2022-02-04T20:08:21Z">
          <reporter-output>
          </reporter-output>
        </test-method> <!-- m1 -->
        <test-method status="PASS" signature="m3()[pri:0, instance:com.demo1.onlineshopping.demo1.test1@5c7fa833]" name="m3" is-config="true" duration-ms="0" started-at="2022-02-04T20:08:21Z" finished-at="2022-02-04T20:08:21Z">
          <reporter-output>
          </reporter-output>
        </test-method> <!-- m3 -->
      </class> <!-- com.demo1.onlineshopping.demo1.test1 -->
    </test> <!-- Default test -->
  </suite> <!-- Default suite -->
</testng-results>
